<?xml version="1.0" encoding="UTF-8"?>
<testng-results skipped="0" failed="0" ignored="0" total="1" passed="1">
  <reporter-output>
  </reporter-output>
  <suite name="Default suite" duration-ms="17702" started-at="2017-09-21T21:52:10Z" finished-at="2017-09-21T21:52:28Z">
    <groups>
    </groups>
    <test name="Default test" duration-ms="17702" started-at="2017-09-21T21:52:10Z" finished-at="2017-09-21T21:52:28Z">
      <class name="com.wipro.automation.MouseHover">
        <test-method status="PASS" signature="beforetest()[pri:0, instance:com.wipro.automation.MouseHover@7d9d1a19]" name="beforetest" is-config="true" duration-ms="7361" started-at="2017-09-21T16:52:10Z" finished-at="2017-09-21T16:52:18Z">
          <reporter-output>
          </reporter-output>
        </test-method> <!-- beforetest -->
        <test-method status="PASS" signature="test()[pri:0, instance:com.wipro.automation.MouseHover@7d9d1a19]" name="test" duration-ms="10308" started-at="2017-09-21T16:52:18Z" finished-at="2017-09-21T16:52:28Z">
          <reporter-output>
          </reporter-output>
        </test-method> <!-- test -->
      </class> <!-- com.wipro.automation.MouseHover -->
    </test> <!-- Default test -->
  </suite> <!-- Default suite -->
</testng-results>
